<?xml version="1.0" encoding="UTF-8" ?>
<testsuite tests="6" failures="0" name="com.algaworks.brewer.session.TabelaItensVendaTest" time="0.125" errors="0" skipped="0">
  <properties>
[...]
</properties>
  <testcase classname="com.algaworks.brewer.session.TabelaItensVendaTest" name="deveCalcularValorTotalSemItens" time="0.11"/>
  <testcase classname="com.algaworks.brewer.session.TabelaItensVendaTest" name="deveAlterarQuantidadeDoItem" time="0.015"/>
  <testcase classname="com.algaworks.brewer.session.TabelaItensVendaTest" name="deveCalcularValorTotalComUmItem" time="0"/>
  <testcase classname="com.algaworks.brewer.session.TabelaItensVendaTest" name="deveExcluirItem" time="0"/>
  <testcase classname="com.algaworks.brewer.session.TabelaItensVendaTest" name="deveCalcularValorTotalComVariosItens" time="0"/>
  <testcase classname="com.algaworks.brewer.session.TabelaItensVendaTest" name="deveManterTamanhoDaListaParaMesmasCervejas" time="0"/>
</testsuite>